

Version:	3.50
CmdLine:	C:\Users\felipe.silva\ROBOS\Automate\automate.exe --l4j-debug
JNI:		No
WOW64:		Yes
Working dir:	C:\Users\felipe.silva\ROBOS\Automate\.
Requires JDK:	No
Requires 64-Bit: No
Java min ver:	1.014.000
Java max ver:	
Substitute:	JAVA_HOME = C:\Program Files\Java\jdk-14.0.2
Substitute:	PATH = C:\Program Files (x86)\Common Files\Oracle\Java\javapath;C:\Windows\system32;C:\Windows;C:\Windows\System32\Wbem;C:\Windows\System32\WindowsPowerShell\v1.0\;C:\Windows\System32\OpenSSH\;C:\Program Files\nodejs\;C:\Program Files\Microsoft SQL Server\Client SDK\ODBC\170\Tools\Binn\;C:\Program Files (x86)\Microsoft SQL Server\150\Tools\Binn\;C:\Program Files\Microsoft SQL Server\150\Tools\Binn\;C:\Program Files\Microsoft SQL Server\150\DTS\Binn\;C:\Program Files\Java\jdk-14.0.2\bin;;C:\Program Files\Docker\Docker\resources\bin;C:\ProgramData\DockerDesktop\version-bin;C:\Users\felipe.silva\AppData\Local\Microsoft\WindowsApps;C:\Users\felipe.silva\AppData\Local\Programs\Microsoft VS Code\bin;C:\Users\felipe.silva\AppData\Roaming\npm;C:\Users\felipe.silva\AppData\Local\Programs\Git\cmd;C:\Users\felipe.silva\apache-maven-3.8.6-bin\apache-maven-3.8.6\bin;C:\Program Files\Java\jdk-14.0.2\bin;C:\Users\felipe.silva\gradle-7.5.1-all\gradle-7.5.1\bin;C:\Users\felipe.silva\AppData\Local\JetBrains\Toolbox\scripts;
JRE paths:	C:\Program Files\Java\jdk-14.0.2;C:\Program Files (x86)\Common Files\Oracle\Java\javapath;C:\Windows\system32;C:\Windows;C:\Windows\System32\Wbem;C:\Windows\System32\WindowsPowerShell\v1.0\;C:\Windows\System32\OpenSSH\;C:\Program Files\nodejs\;C:\Program Files\Microsoft SQL Server\Client SDK\ODBC\170\Tools\Binn\;C:\Program Files (x86)\Microsoft SQL Server\150\Tools\Binn\;C:\Program Files\Microsoft SQL Server\150\Tools\Binn\;C:\Program Files\Microsoft SQL Server\150\DTS\Binn\;C:\Program Files\Java\jdk-14.0.2\bin;;C:\Program Files\Docker\Docker\resources\bin;C:\ProgramData\DockerDesktop\version-bin;C:\Users\felipe.silva\AppData\Local\Microsoft\WindowsApps;C:\Users\felipe.silva\AppData\Local\Programs\Microsoft VS Code\bin;C:\Users\felipe.silva\AppData\Roaming\npm;C:\Users\felipe.silva\AppData\Local\Programs\Git\cmd;C:\Users\felipe.silva\apache-maven-3.8.6-bin\apache-maven-3.8.6\bin;C:\Program Files\Java\jdk-14.0.2\bin;C:\Users\felipe.silva\gradle-7.5.1-all\gradle-7.5.1\bin;C:\Users\felipe.silva\AppData\Local\JetBrains\Toolbox\scripts;
Check launcher:	C:\Program Files\Java\jdk-14.0.2\bin\javaw.exe (OK)
Version string: 1.014.000_002 / 64-Bit (OK)
Launcher:	C:\Program Files\Java\jdk-14.0.2\bin\javaw.exe
Launcher args:	-jar "C:\Users\felipe.silva\ROBOS\Automate\automate.exe"
Args length:	56/32768 chars
Exit code:	0


Version:	3.50
CmdLine:	C:\Users\felipe.silva\ROBOS\Automate\automate.exe --l4j-debug
JNI:		No
WOW64:		Yes
Working dir:	C:\Users\felipe.silva\ROBOS\Automate\.
Requires JDK:	No
Requires 64-Bit: No
Java min ver:	1.014.000
Java max ver:	
Substitute:	JAVA_HOME = C:\Program Files\Java\jdk-14.0.2
Substitute:	PATH = C:\Program Files (x86)\Common Files\Oracle\Java\javapath;C:\Windows\system32;C:\Windows;C:\Windows\System32\Wbem;C:\Windows\System32\WindowsPowerShell\v1.0\;C:\Windows\System32\OpenSSH\;C:\Program Files\nodejs\;C:\Program Files\Microsoft SQL Server\Client SDK\ODBC\170\Tools\Binn\;C:\Program Files (x86)\Microsoft SQL Server\150\Tools\Binn\;C:\Program Files\Microsoft SQL Server\150\Tools\Binn\;C:\Program Files\Microsoft SQL Server\150\DTS\Binn\;C:\Program Files\Java\jdk-14.0.2\bin;;C:\Program Files\Docker\Docker\resources\bin;C:\ProgramData\DockerDesktop\version-bin;C:\Users\felipe.silva\AppData\Local\Microsoft\WindowsApps;C:\Users\felipe.silva\AppData\Local\Programs\Microsoft VS Code\bin;C:\Users\felipe.silva\AppData\Roaming\npm;C:\Users\felipe.silva\AppData\Local\Programs\Git\cmd;C:\Users\felipe.silva\apache-maven-3.8.6-bin\apache-maven-3.8.6\bin;C:\Program Files\Java\jdk-14.0.2\bin;C:\Users\felipe.silva\gradle-7.5.1-all\gradle-7.5.1\bin;C:\Users\felipe.silva\AppData\Local\JetBrains\Toolbox\scripts;
JRE paths:	C:\Program Files\Java\jdk-14.0.2;C:\Program Files (x86)\Common Files\Oracle\Java\javapath;C:\Windows\system32;C:\Windows;C:\Windows\System32\Wbem;C:\Windows\System32\WindowsPowerShell\v1.0\;C:\Windows\System32\OpenSSH\;C:\Program Files\nodejs\;C:\Program Files\Microsoft SQL Server\Client SDK\ODBC\170\Tools\Binn\;C:\Program Files (x86)\Microsoft SQL Server\150\Tools\Binn\;C:\Program Files\Microsoft SQL Server\150\Tools\Binn\;C:\Program Files\Microsoft SQL Server\150\DTS\Binn\;C:\Program Files\Java\jdk-14.0.2\bin;;C:\Program Files\Docker\Docker\resources\bin;C:\ProgramData\DockerDesktop\version-bin;C:\Users\felipe.silva\AppData\Local\Microsoft\WindowsApps;C:\Users\felipe.silva\AppData\Local\Programs\Microsoft VS Code\bin;C:\Users\felipe.silva\AppData\Roaming\npm;C:\Users\felipe.silva\AppData\Local\Programs\Git\cmd;C:\Users\felipe.silva\apache-maven-3.8.6-bin\apache-maven-3.8.6\bin;C:\Program Files\Java\jdk-14.0.2\bin;C:\Users\felipe.silva\gradle-7.5.1-all\gradle-7.5.1\bin;C:\Users\felipe.silva\AppData\Local\JetBrains\Toolbox\scripts;
Check launcher:	C:\Program Files\Java\jdk-14.0.2\bin\javaw.exe (OK)
Version string: 1.014.000_002 / 64-Bit (OK)
Launcher:	C:\Program Files\Java\jdk-14.0.2\bin\javaw.exe
Launcher args:	-jar "C:\Users\felipe.silva\ROBOS\Automate\automate.exe"
Args length:	56/32768 chars
Exit code:	0


Version:	3.50
CmdLine:	C:\Users\felipe.silva\ROBOS\Automate\automate.exe --l4j-debug
JNI:		No
WOW64:		Yes
Working dir:	C:\Users\felipe.silva\ROBOS\Automate\.
Requires JDK:	No
Requires 64-Bit: No
Java min ver:	1.014.000
Java max ver:	
Substitute:	JAVA_HOME = C:\Program Files\Java\jdk-14.0.2
Substitute:	PATH = C:\Program Files (x86)\Common Files\Oracle\Java\javapath;C:\Windows\system32;C:\Windows;C:\Windows\System32\Wbem;C:\Windows\System32\WindowsPowerShell\v1.0\;C:\Windows\System32\OpenSSH\;C:\Program Files\nodejs\;C:\Program Files\Microsoft SQL Server\Client SDK\ODBC\170\Tools\Binn\;C:\Program Files (x86)\Microsoft SQL Server\150\Tools\Binn\;C:\Program Files\Microsoft SQL Server\150\Tools\Binn\;C:\Program Files\Microsoft SQL Server\150\DTS\Binn\;C:\Program Files\Java\jdk-14.0.2\bin;;C:\Program Files\Docker\Docker\resources\bin;C:\ProgramData\DockerDesktop\version-bin;C:\Users\felipe.silva\AppData\Local\Microsoft\WindowsApps;C:\Users\felipe.silva\AppData\Local\Programs\Microsoft VS Code\bin;C:\Users\felipe.silva\AppData\Roaming\npm;C:\Users\felipe.silva\AppData\Local\Programs\Git\cmd;C:\Users\felipe.silva\apache-maven-3.8.6-bin\apache-maven-3.8.6\bin;C:\Program Files\Java\jdk-14.0.2\bin;C:\Users\felipe.silva\gradle-7.5.1-all\gradle-7.5.1\bin;C:\Users\felipe.silva\AppData\Local\JetBrains\Toolbox\scripts;
JRE paths:	C:\Program Files\Java\jdk-14.0.2;C:\Program Files (x86)\Common Files\Oracle\Java\javapath;C:\Windows\system32;C:\Windows;C:\Windows\System32\Wbem;C:\Windows\System32\WindowsPowerShell\v1.0\;C:\Windows\System32\OpenSSH\;C:\Program Files\nodejs\;C:\Program Files\Microsoft SQL Server\Client SDK\ODBC\170\Tools\Binn\;C:\Program Files (x86)\Microsoft SQL Server\150\Tools\Binn\;C:\Program Files\Microsoft SQL Server\150\Tools\Binn\;C:\Program Files\Microsoft SQL Server\150\DTS\Binn\;C:\Program Files\Java\jdk-14.0.2\bin;;C:\Program Files\Docker\Docker\resources\bin;C:\ProgramData\DockerDesktop\version-bin;C:\Users\felipe.silva\AppData\Local\Microsoft\WindowsApps;C:\Users\felipe.silva\AppData\Local\Programs\Microsoft VS Code\bin;C:\Users\felipe.silva\AppData\Roaming\npm;C:\Users\felipe.silva\AppData\Local\Programs\Git\cmd;C:\Users\felipe.silva\apache-maven-3.8.6-bin\apache-maven-3.8.6\bin;C:\Program Files\Java\jdk-14.0.2\bin;C:\Users\felipe.silva\gradle-7.5.1-all\gradle-7.5.1\bin;C:\Users\felipe.silva\AppData\Local\JetBrains\Toolbox\scripts;
Check launcher:	C:\Program Files\Java\jdk-14.0.2\bin\javaw.exe (OK)
Version string: 1.014.000_002 / 64-Bit (OK)
Launcher:	C:\Program Files\Java\jdk-14.0.2\bin\javaw.exe
Launcher args:	-jar "C:\Users\felipe.silva\ROBOS\Automate\automate.exe"
Args length:	56/32768 chars
Exit code:	0


Version:	3.50
CmdLine:	C:\Users\felipe.silva\ROBOS\Automate\automate.exe --l4j-debug
JNI:		No
WOW64:		Yes
Working dir:	C:\Users\felipe.silva\ROBOS\Automate\.
Requires JDK:	No
Requires 64-Bit: No
Java min ver:	1.014.000
Java max ver:	1.017.000
Substitute:	JAVA_HOME = C:\Program Files\Java\jdk-14.0.2
Substitute:	PATH = C:\Program Files (x86)\Common Files\Oracle\Java\javapath;C:\Windows\system32;C:\Windows;C:\Windows\System32\Wbem;C:\Windows\System32\WindowsPowerShell\v1.0\;C:\Windows\System32\OpenSSH\;C:\Program Files\nodejs\;C:\Program Files\Microsoft SQL Server\Client SDK\ODBC\170\Tools\Binn\;C:\Program Files (x86)\Microsoft SQL Server\150\Tools\Binn\;C:\Program Files\Microsoft SQL Server\150\Tools\Binn\;C:\Program Files\Microsoft SQL Server\150\DTS\Binn\;C:\Program Files\Java\jdk-14.0.2\bin;;C:\Program Files\Docker\Docker\resources\bin;C:\ProgramData\DockerDesktop\version-bin;C:\Users\felipe.silva\AppData\Local\Microsoft\WindowsApps;C:\Users\felipe.silva\AppData\Local\Programs\Microsoft VS Code\bin;C:\Users\felipe.silva\AppData\Roaming\npm;C:\Users\felipe.silva\AppData\Local\Programs\Git\cmd;C:\Users\felipe.silva\apache-maven-3.8.6-bin\apache-maven-3.8.6\bin;C:\Program Files\Java\jdk-14.0.2\bin;C:\Users\felipe.silva\gradle-7.5.1-all\gradle-7.5.1\bin;C:\Users\felipe.silva\AppData\Local\JetBrains\Toolbox\scripts;
JRE paths:	C:\Program Files\Java\jdk-14.0.2;C:\Program Files (x86)\Common Files\Oracle\Java\javapath;C:\Windows\system32;C:\Windows;C:\Windows\System32\Wbem;C:\Windows\System32\WindowsPowerShell\v1.0\;C:\Windows\System32\OpenSSH\;C:\Program Files\nodejs\;C:\Program Files\Microsoft SQL Server\Client SDK\ODBC\170\Tools\Binn\;C:\Program Files (x86)\Microsoft SQL Server\150\Tools\Binn\;C:\Program Files\Microsoft SQL Server\150\Tools\Binn\;C:\Program Files\Microsoft SQL Server\150\DTS\Binn\;C:\Program Files\Java\jdk-14.0.2\bin;;C:\Program Files\Docker\Docker\resources\bin;C:\ProgramData\DockerDesktop\version-bin;C:\Users\felipe.silva\AppData\Local\Microsoft\WindowsApps;C:\Users\felipe.silva\AppData\Local\Programs\Microsoft VS Code\bin;C:\Users\felipe.silva\AppData\Roaming\npm;C:\Users\felipe.silva\AppData\Local\Programs\Git\cmd;C:\Users\felipe.silva\apache-maven-3.8.6-bin\apache-maven-3.8.6\bin;C:\Program Files\Java\jdk-14.0.2\bin;C:\Users\felipe.silva\gradle-7.5.1-all\gradle-7.5.1\bin;C:\Users\felipe.silva\AppData\Local\JetBrains\Toolbox\scripts;
Check launcher:	C:\Program Files\Java\jdk-14.0.2\bin\javaw.exe (OK)
Version string: 1.014.000_002 / 64-Bit (OK)
Launcher:	C:\Program Files\Java\jdk-14.0.2\bin\javaw.exe
Launcher args:	-jar "C:\Users\felipe.silva\ROBOS\Automate\automate.exe"
Args length:	56/32768 chars
Exit code:	0


Version:	3.50
CmdLine:	C:\Users\felipe.silva\ROBOS\Automate\automate.exe --l4j-debug
JNI:		No
WOW64:		Yes
Working dir:	C:\Users\felipe.silva\ROBOS\Automate\.
Requires JDK:	No
Requires 64-Bit: No
Java min ver:	1.014.000
Java max ver:	1.017.000
Substitute:	JAVA_HOME = C:\Program Files\Java\jdk-14.0.2
Substitute:	PATH = C:\Program Files (x86)\Common Files\Oracle\Java\javapath;C:\Windows\system32;C:\Windows;C:\Windows\System32\Wbem;C:\Windows\System32\WindowsPowerShell\v1.0\;C:\Windows\System32\OpenSSH\;C:\Program Files\nodejs\;C:\Program Files\Microsoft SQL Server\Client SDK\ODBC\170\Tools\Binn\;C:\Program Files (x86)\Microsoft SQL Server\150\Tools\Binn\;C:\Program Files\Microsoft SQL Server\150\Tools\Binn\;C:\Program Files\Microsoft SQL Server\150\DTS\Binn\;C:\Program Files\Java\jdk-14.0.2\bin;;C:\Program Files\Docker\Docker\resources\bin;C:\ProgramData\DockerDesktop\version-bin;C:\Users\felipe.silva\AppData\Local\Microsoft\WindowsApps;C:\Users\felipe.silva\AppData\Local\Programs\Microsoft VS Code\bin;C:\Users\felipe.silva\AppData\Roaming\npm;C:\Users\felipe.silva\AppData\Local\Programs\Git\cmd;C:\Users\felipe.silva\apache-maven-3.8.6-bin\apache-maven-3.8.6\bin;C:\Program Files\Java\jdk-14.0.2\bin;C:\Users\felipe.silva\gradle-7.5.1-all\gradle-7.5.1\bin;C:\Users\felipe.silva\AppData\Local\JetBrains\Toolbox\scripts;
JRE paths:	C:\Program Files\Java\jdk-14.0.2;C:\Program Files (x86)\Common Files\Oracle\Java\javapath;C:\Windows\system32;C:\Windows;C:\Windows\System32\Wbem;C:\Windows\System32\WindowsPowerShell\v1.0\;C:\Windows\System32\OpenSSH\;C:\Program Files\nodejs\;C:\Program Files\Microsoft SQL Server\Client SDK\ODBC\170\Tools\Binn\;C:\Program Files (x86)\Microsoft SQL Server\150\Tools\Binn\;C:\Program Files\Microsoft SQL Server\150\Tools\Binn\;C:\Program Files\Microsoft SQL Server\150\DTS\Binn\;C:\Program Files\Java\jdk-14.0.2\bin;;C:\Program Files\Docker\Docker\resources\bin;C:\ProgramData\DockerDesktop\version-bin;C:\Users\felipe.silva\AppData\Local\Microsoft\WindowsApps;C:\Users\felipe.silva\AppData\Local\Programs\Microsoft VS Code\bin;C:\Users\felipe.silva\AppData\Roaming\npm;C:\Users\felipe.silva\AppData\Local\Programs\Git\cmd;C:\Users\felipe.silva\apache-maven-3.8.6-bin\apache-maven-3.8.6\bin;C:\Program Files\Java\jdk-14.0.2\bin;C:\Users\felipe.silva\gradle-7.5.1-all\gradle-7.5.1\bin;C:\Users\felipe.silva\AppData\Local\JetBrains\Toolbox\scripts;
Check launcher:	C:\Program Files\Java\jdk-14.0.2\bin\javaw.exe (OK)
Version string: 1.014.000_002 / 64-Bit (OK)
Launcher:	C:\Program Files\Java\jdk-14.0.2\bin\javaw.exe
Launcher args:	-jar "C:\Users\felipe.silva\ROBOS\Automate\automate.exe"
Args length:	56/32768 chars
Exit code:	0
